# JRE version: Java(TM) SE Runtime Environment (19.0.1+10) (build 19.0.1+10-21)
# Java VM: Java HotSpot(TM) 64-Bit Server VM (19.0.1+10-21, mixed mode, sharing, tiered, compressed oops, compressed class ptrs, g1 gc, windows-amd64)
GC Precious Log:
 CardTable entry size: 512
 Card Set container configuration: InlinePtr #cards 5 size 8 Array Of Cards #cards 12 size 40 Howl #buckets 4 coarsen threshold 1843 Howl Bitmap #cards 512 size 80 coarsen threshold 460 Card regions per heap region 1 cards per card region 2048
 CPUs: 2 total, 2 available
 Memory: 4095M
 Large Page Support: Disabled
 NUMA Support: Disabled
 Compressed Oops: Enabled (32-bit)
 Heap Region Size: 1M
 Heap Min Capacity: 8M
 Heap Initial Capacity: 64M
 Heap Max Capacity: 1G
 Pre-touch: Disabled
 Parallel Workers: 2
 Concurrent Workers: 1
 Concurrent Refinement Workers: 2
 Periodic GC: Disabled
Heap:
 garbage-first heap   total 60416K, used 40217K [0x00000000c0000000, 0x0000000100000000)
  region size 1024K, 17 young (17408K), 1 survivors (1024K)
 Metaspace       used 61630K, committed 62272K, reserved 1114112K
  class space    used 8155K, committed 8448K, reserved 1048576K
GC Heap History (20 events):
Event: 6.179 GC heap before
{Heap before GC invocations=5 (full 0):
 garbage-first heap   total 65536K, used 19382K [0x00000000c0000000, 0x0000000100000000)
  region size 1024K, 14 young (14336K), 5 survivors (5120K)
 Metaspace       used 21333K, committed 21504K, reserved 1114112K
  class space    used 2603K, committed 2688K, reserved 1048576K
}
Event: 6.198 GC heap after
{Heap after GC invocations=6 (full 0):
 garbage-first heap   total 65536K, used 12034K [0x00000000c0000000, 0x0000000100000000)
  region size 1024K, 1 young (1024K), 1 survivors (1024K)
 Metaspace       used 21333K, committed 21504K, reserved 1114112K
  class space    used 2603K, committed 2688K, reserved 1048576K
}
Event: 9.040 GC heap before
{Heap before GC invocations=7 (full 0):
 garbage-first heap   total 45056K, used 43778K [0x00000000c0000000, 0x0000000100000000)
  region size 1024K, 33 young (33792K), 1 survivors (1024K)
 Metaspace       used 28472K, committed 28928K, reserved 1114112K
  class space    used 3572K, committed 3776K, reserved 1048576K
}
Event: 9.058 GC heap after
{Heap after GC invocations=8 (full 0):
 garbage-first heap   total 50176K, used 15542K [0x00000000c0000000, 0x0000000100000000)
  region size 1024K, 5 young (5120K), 5 survivors (5120K)
 Metaspace       used 28472K, committed 28928K, reserved 1114112K
  class space    used 3572K, committed 3776K, reserved 1048576K
}
Event: 10.403 GC heap before
{Heap before GC invocations=8 (full 0):
 garbage-first heap   total 50176K, used 36022K [0x00000000c0000000, 0x0000000100000000)
  region size 1024K, 26 young (26624K), 5 survivors (5120K)
 Metaspace       used 32536K, committed 33024K, reserved 1114112K
  class space    used 4071K, committed 4288K, reserved 1048576K
}
Event: 10.423 GC heap after
{Heap after GC invocations=9 (full 0):
 garbage-first heap   total 50176K, used 17161K [0x00000000c0000000, 0x0000000100000000)
  region size 1024K, 2 young (2048K), 2 survivors (2048K)
 Metaspace       used 32536K, committed 33024K, reserved 1114112K
  class space    used 4071K, committed 4288K, reserved 1048576K
}
Event: 11.126 GC heap before
{Heap before GC invocations=9 (full 0):
 garbage-first heap   total 50176K, used 26377K [0x00000000c0000000, 0x0000000100000000)
  region size 1024K, 12 young (12288K), 2 survivors (2048K)
 Metaspace       used 35462K, committed 35968K, reserved 1114112K
  class space    used 4556K, committed 4800K, reserved 1048576K
}
Event: 11.135 GC heap after
{Heap after GC invocations=10 (full 0):
 garbage-first heap   total 50176K, used 17890K [0x00000000c0000000, 0x0000000100000000)
  region size 1024K, 1 young (1024K), 1 survivors (1024K)
 Metaspace       used 35462K, committed 35968K, reserved 1114112K
  class space    used 4556K, committed 4800K, reserved 1048576K
}
Event: 12.826 GC heap before
{Heap before GC invocations=11 (full 0):
 garbage-first heap   total 50176K, used 37346K [0x00000000c0000000, 0x0000000100000000)
  region size 1024K, 21 young (21504K), 1 survivors (1024K)
 Metaspace       used 41575K, committed 42048K, reserved 1114112K
  class space    used 5324K, committed 5504K, reserved 1048576K
}
Event: 12.836 GC heap after
{Heap after GC invocations=12 (full 0):
 garbage-first heap   total 50176K, used 20305K [0x00000000c0000000, 0x0000000100000000)
  region size 1024K, 3 young (3072K), 3 survivors (3072K)
 Metaspace       used 41575K, committed 42048K, reserved 1114112K
  class space    used 5324K, committed 5504K, reserved 1048576K
}
Event: 12.881 GC heap before
{Heap before GC invocations=12 (full 0):
 garbage-first heap   total 50176K, used 21329K [0x00000000c0000000, 0x0000000100000000)
  region size 1024K, 4 young (4096K), 3 survivors (3072K)
 Metaspace       used 42028K, committed 42560K, reserved 1114112K
  class space    used 5368K, committed 5632K, reserved 1048576K
}
Event: 12.893 GC heap after
{Heap after GC invocations=13 (full 0):
 garbage-first heap   total 50176K, used 20530K [0x00000000c0000000, 0x0000000100000000)
  region size 1024K, 1 young (1024K), 1 survivors (1024K)
 Metaspace       used 42028K, committed 42560K, reserved 1114112K
  class space    used 5368K, committed 5632K, reserved 1048576K
}
Event: 14.081 GC heap before
{Heap before GC invocations=13 (full 0):
 garbage-first heap   total 50176K, used 36914K [0x00000000c0000000, 0x0000000100000000)
  region size 1024K, 18 young (18432K), 1 survivors (1024K)
 Metaspace       used 47745K, committed 48256K, reserved 1114112K
  class space    used 6288K, committed 6528K, reserved 1048576K
}
Event: 14.089 GC heap after
{Heap after GC invocations=14 (full 0):
 garbage-first heap   total 60416K, used 21100K [0x00000000c0000000, 0x0000000100000000)
  region size 1024K, 1 young (1024K), 1 survivors (1024K)
 Metaspace       used 47745K, committed 48256K, reserved 1114112K
  class space    used 6288K, committed 6528K, reserved 1048576K
}
Event: 15.594 GC heap before
{Heap before GC invocations=14 (full 0):
 garbage-first heap   total 60416K, used 45676K [0x00000000c0000000, 0x0000000100000000)
  region size 1024K, 26 young (26624K), 1 survivors (1024K)
 Metaspace       used 53302K, committed 53824K, reserved 1114112K
  class space    used 7022K, committed 7296K, reserved 1048576K
}
Event: 15.605 GC heap after
{Heap after GC invocations=15 (full 0):
 garbage-first heap   total 60416K, used 22806K [0x00000000c0000000, 0x0000000100000000)
  region size 1024K, 3 young (3072K), 3 survivors (3072K)
 Metaspace       used 53302K, committed 53824K, reserved 1114112K
  class space    used 7022K, committed 7296K, reserved 1048576K
}
Event: 17.107 GC heap before
{Heap before GC invocations=15 (full 0):
 garbage-first heap   total 60416K, used 47382K [0x00000000c0000000, 0x0000000100000000)
  region size 1024K, 27 young (27648K), 3 survivors (3072K)
 Metaspace       used 56317K, committed 56896K, reserved 1114112K
  class space    used 7421K, committed 7680K, reserved 1048576K
}
Event: 17.127 GC heap after
{Heap after GC invocations=16 (full 0):
 garbage-first heap   total 60416K, used 25279K [0x00000000c0000000, 0x0000000100000000)
  region size 1024K, 4 young (4096K), 4 survivors (4096K)
 Metaspace       used 56317K, committed 56896K, reserved 1114112K
  class space    used 7421K, committed 7680K, reserved 1048576K
}
Event: 45.184 GC heap before
{Heap before GC invocations=16 (full 0):
 garbage-first heap   total 60416K, used 35519K [0x00000000c0000000, 0x0000000100000000)
  region size 1024K, 16 young (16384K), 4 survivors (4096K)
 Metaspace       used 59503K, committed 60096K, reserved 1114112K
  class space    used 7845K, committed 8128K, reserved 1048576K
}
Event: 45.207 GC heap after
{Heap after GC invocations=17 (full 0):
 garbage-first heap   total 60416K, used 25881K [0x00000000c0000000, 0x0000000100000000)
  region size 1024K, 1 young (1024K), 1 survivors (1024K)
 Metaspace       used 59503K, committed 60096K, reserved 1114112K
  class space    used 7845K, committed 8128K, reserved 1048576K
}

