# JRE version: Java(TM) SE Runtime Environment (19.0.1+10) (build 19.0.1+10-21)
# Java VM: Java HotSpot(TM) 64-Bit Server VM (19.0.1+10-21, mixed mode, sharing, tiered, compressed oops, compressed class ptrs, g1 gc, windows-amd64)
GC Precious Log:
 CardTable entry size: 512
 Card Set container configuration: InlinePtr #cards 5 size 8 Array Of Cards #cards 12 size 40 Howl #buckets 4 coarsen threshold 1843 Howl Bitmap #cards 512 size 80 coarsen threshold 460 Card regions per heap region 1 cards per card region 2048
 CPUs: 2 total, 2 available
 Memory: 4095M
 Large Page Support: Disabled
 NUMA Support: Disabled
 Compressed Oops: Enabled (32-bit)
 Heap Region Size: 1M
 Heap Min Capacity: 8M
 Heap Initial Capacity: 64M
 Heap Max Capacity: 1G
 Pre-touch: Disabled
 Parallel Workers: 2
 Concurrent Workers: 1
 Concurrent Refinement Workers: 2
 Periodic GC: Disabled
Heap:
 garbage-first heap   total 60416K, used 33363K [0x00000000c0000000, 0x0000000100000000)
  region size 1024K, 10 young (10240K), 1 survivors (1024K)
 Metaspace       used 60138K, committed 60800K, reserved 1114112K
  class space    used 7943K, committed 8256K, reserved 1048576K
GC Heap History (20 events):
Event: 6.924 GC heap before
{Heap before GC invocations=5 (full 0):
 garbage-first heap   total 65536K, used 18763K [0x00000000c0000000, 0x0000000100000000)
  region size 1024K, 13 young (13312K), 5 survivors (5120K)
 Metaspace       used 21323K, committed 21504K, reserved 1114112K
  class space    used 2596K, committed 2688K, reserved 1048576K
}
Event: 6.942 GC heap after
{Heap after GC invocations=6 (full 0):
 garbage-first heap   total 65536K, used 12138K [0x00000000c0000000, 0x0000000100000000)
  region size 1024K, 1 young (1024K), 1 survivors (1024K)
 Metaspace       used 21323K, committed 21504K, reserved 1114112K
  class space    used 2596K, committed 2688K, reserved 1048576K
}
Event: 9.581 GC heap before
{Heap before GC invocations=7 (full 0):
 garbage-first heap   total 45056K, used 43882K [0x00000000c0000000, 0x0000000100000000)
  region size 1024K, 33 young (33792K), 1 survivors (1024K)
 Metaspace       used 28416K, committed 28864K, reserved 1114112K
  class space    used 3559K, committed 3776K, reserved 1048576K
}
Event: 9.602 GC heap after
{Heap after GC invocations=8 (full 0):
 garbage-first heap   total 50176K, used 15630K [0x00000000c0000000, 0x0000000100000000)
  region size 1024K, 5 young (5120K), 5 survivors (5120K)
 Metaspace       used 28416K, committed 28864K, reserved 1114112K
  class space    used 3559K, committed 3776K, reserved 1048576K
}
Event: 10.984 GC heap before
{Heap before GC invocations=8 (full 0):
 garbage-first heap   total 50176K, used 37134K [0x00000000c0000000, 0x0000000100000000)
  region size 1024K, 26 young (26624K), 5 survivors (5120K)
 Metaspace       used 32503K, committed 33024K, reserved 1114112K
  class space    used 4060K, committed 4288K, reserved 1048576K
}
Event: 11.003 GC heap after
{Heap after GC invocations=9 (full 0):
 garbage-first heap   total 50176K, used 17710K [0x00000000c0000000, 0x0000000100000000)
  region size 1024K, 3 young (3072K), 3 survivors (3072K)
 Metaspace       used 32503K, committed 33024K, reserved 1114112K
  class space    used 4060K, committed 4288K, reserved 1048576K
}
Event: 11.751 GC heap before
{Heap before GC invocations=9 (full 0):
 garbage-first heap   total 50176K, used 27950K [0x00000000c0000000, 0x0000000100000000)
  region size 1024K, 14 young (14336K), 3 survivors (3072K)
 Metaspace       used 35493K, committed 35968K, reserved 1114112K
  class space    used 4555K, committed 4800K, reserved 1048576K
}
Event: 11.759 GC heap after
{Heap after GC invocations=10 (full 0):
 garbage-first heap   total 50176K, used 17965K [0x00000000c0000000, 0x0000000100000000)
  region size 1024K, 1 young (1024K), 1 survivors (1024K)
 Metaspace       used 35493K, committed 35968K, reserved 1114112K
  class space    used 4555K, committed 4800K, reserved 1048576K
}
Event: 13.281 GC heap before
{Heap before GC invocations=11 (full 0):
 garbage-first heap   total 50176K, used 37421K [0x00000000c0000000, 0x0000000100000000)
  region size 1024K, 21 young (21504K), 1 survivors (1024K)
 Metaspace       used 41580K, committed 41984K, reserved 1114112K
  class space    used 5319K, committed 5504K, reserved 1048576K
}
Event: 13.293 GC heap after
{Heap after GC invocations=12 (full 0):
 garbage-first heap   total 50176K, used 20381K [0x00000000c0000000, 0x0000000100000000)
  region size 1024K, 3 young (3072K), 3 survivors (3072K)
 Metaspace       used 41580K, committed 41984K, reserved 1114112K
  class space    used 5319K, committed 5504K, reserved 1048576K
}
Event: 13.367 GC heap before
{Heap before GC invocations=12 (full 0):
 garbage-first heap   total 50176K, used 21405K [0x00000000c0000000, 0x0000000100000000)
  region size 1024K, 4 young (4096K), 3 survivors (3072K)
 Metaspace       used 42009K, committed 42624K, reserved 1114112K
  class space    used 5360K, committed 5632K, reserved 1048576K
}
Event: 13.379 GC heap after
{Heap after GC invocations=13 (full 0):
 garbage-first heap   total 50176K, used 20515K [0x00000000c0000000, 0x0000000100000000)
  region size 1024K, 1 young (1024K), 1 survivors (1024K)
 Metaspace       used 42009K, committed 42624K, reserved 1114112K
  class space    used 5360K, committed 5632K, reserved 1048576K
}
Event: 14.395 GC heap before
{Heap before GC invocations=13 (full 0):
 garbage-first heap   total 50176K, used 36899K [0x00000000c0000000, 0x0000000100000000)
  region size 1024K, 18 young (18432K), 1 survivors (1024K)
 Metaspace       used 47717K, committed 48256K, reserved 1114112K
  class space    used 6277K, committed 6528K, reserved 1048576K
}
Event: 14.400 GC heap after
{Heap after GC invocations=14 (full 0):
 garbage-first heap   total 60416K, used 21070K [0x00000000c0000000, 0x0000000100000000)
  region size 1024K, 1 young (1024K), 1 survivors (1024K)
 Metaspace       used 47717K, committed 48256K, reserved 1114112K
  class space    used 6277K, committed 6528K, reserved 1048576K
}
Event: 16.552 GC heap before
{Heap before GC invocations=14 (full 0):
 garbage-first heap   total 60416K, used 45646K [0x00000000c0000000, 0x0000000100000000)
  region size 1024K, 26 young (26624K), 1 survivors (1024K)
 Metaspace       used 53346K, committed 53888K, reserved 1114112K
  class space    used 7019K, committed 7296K, reserved 1048576K
}
Event: 16.562 GC heap after
{Heap after GC invocations=15 (full 0):
 garbage-first heap   total 60416K, used 22774K [0x00000000c0000000, 0x0000000100000000)
  region size 1024K, 3 young (3072K), 3 survivors (3072K)
 Metaspace       used 53346K, committed 53888K, reserved 1114112K
  class space    used 7019K, committed 7296K, reserved 1048576K
}
Event: 18.014 GC heap before
{Heap before GC invocations=15 (full 0):
 garbage-first heap   total 60416K, used 47350K [0x00000000c0000000, 0x0000000100000000)
  region size 1024K, 27 young (27648K), 3 survivors (3072K)
 Metaspace       used 56454K, committed 57024K, reserved 1114112K
  class space    used 7433K, committed 7680K, reserved 1048576K
}
Event: 18.034 GC heap after
{Heap after GC invocations=16 (full 0):
 garbage-first heap   total 60416K, used 25306K [0x00000000c0000000, 0x0000000100000000)
  region size 1024K, 4 young (4096K), 4 survivors (4096K)
 Metaspace       used 56454K, committed 57024K, reserved 1114112K
  class space    used 7433K, committed 7680K, reserved 1048576K
}
Event: 489.050 GC heap before
{Heap before GC invocations=16 (full 0):
 garbage-first heap   total 60416K, used 40666K [0x00000000c0000000, 0x0000000100000000)
  region size 1024K, 20 young (20480K), 4 survivors (4096K)
 Metaspace       used 59568K, committed 60160K, reserved 1114112K
  class space    used 7819K, committed 8128K, reserved 1048576K
}
Event: 489.070 GC heap after
{Heap after GC invocations=17 (full 0):
 garbage-first heap   total 60416K, used 26195K [0x00000000c0000000, 0x0000000100000000)
  region size 1024K, 1 young (1024K), 1 survivors (1024K)
 Metaspace       used 59568K, committed 60160K, reserved 1114112K
  class space    used 7819K, committed 8128K, reserved 1048576K
}

